-------------------------------------
PRODIGAL v2.6.3 [February, 2016]         
Univ of Tenn / Oak Ridge National Lab
Doug Hyatt, Loren Hauser, et al.     
-------------------------------------
Request:  Metagenomic, Phase:  Training
Initializing training files...done!
-------------------------------------
Request:  Metagenomic, Phase:  Gene Finding
Finding genes in sequence #1 (204 bp)...done!
Finding genes in sequence #2 (1634 bp)...done!
Finding genes in sequence #3 (338 bp)...done!
Finding genes in sequence #4 (355 bp)...done!
Finding genes in sequence #5 (309 bp)...done!
Finding genes in sequence #6 (343 bp)...done!
Finding genes in sequence #7 (363 bp)...done!
Finding genes in sequence #8 (411 bp)...done!
Finding genes in sequence #9 (334 bp)...done!
Finding genes in sequence #10 (538 bp)...done!
Finding genes in sequence #11 (956 bp)...done!
Finding genes in sequence #12 (1477 bp)...done!
Finding genes in sequence #13 (321 bp)...done!
Finding genes in sequence #14 (317 bp)...done!
Finding genes in sequence #15 (369 bp)...done!
Finding genes in sequence #16 (333 bp)...done!
Finding genes in sequence #17 (496 bp)...done!
Finding genes in sequence #18 (319 bp)...done!
Finding genes in sequence #19 (567 bp)...done!
Finding genes in sequence #20 (316 bp)...done!
