2024-04-05 22:00:30 - MEGAHIT v1.2.9
2024-04-05 22:00:30 - Using megahit_core with POPCNT and BMI2 support
2024-04-05 22:00:30 - Convert reads to binary library
2024-04-05 22:00:30 - b'INFO  sequence/io/sequence_lib.cpp  :   75 - Lib 0 (/mnt/c/Users/matsp/Documents/Bio-Infromatiscs-jaar3/Thema-11/Dataprocessing/intermediate_results/trimmed_reads/M15small_R1_trimmed.fq,/mnt/c/Users/matsp/Documents/Bio-Infromatiscs-jaar3/Thema-11/Dataprocessing/intermediate_results/trimmed_reads/M15small_R2_trimmed.fq): pe, 19530 reads, 151 max length'
2024-04-05 22:00:30 - b'INFO  utils/utils.h                 :  152 - Real: 0.0830\tuser: 0.0118\tsys: 0.0236\tmaxrss: 7880'
2024-04-05 22:00:30 - k-max reset to: 141 
2024-04-05 22:00:30 - Start assembly. Number of CPU threads 12 
2024-04-05 22:00:30 - k list: 21,29,39,59,79,99,119,141 
2024-04-05 22:00:30 - Memory used: 7207815168
2024-04-05 22:00:30 - Extract solid (k+1)-mers for k = 21 
2024-04-05 22:00:30 - Build graph for k = 21 
2024-04-05 22:00:38 - Assemble contigs from SdBG for k = 21
2024-04-05 22:00:38 - Local assembly for k = 21
2024-04-05 22:00:38 - Extract iterative edges from k = 21 to 29 
2024-04-05 22:00:38 - Build graph for k = 29 
2024-04-05 22:00:39 - Assemble contigs from SdBG for k = 29
2024-04-05 22:00:39 - Local assembly for k = 29
2024-04-05 22:00:39 - Extract iterative edges from k = 29 to 39 
2024-04-05 22:00:39 - Build graph for k = 39 
2024-04-05 22:00:40 - Assemble contigs from SdBG for k = 39
2024-04-05 22:00:40 - Local assembly for k = 39
2024-04-05 22:00:40 - Extract iterative edges from k = 39 to 59 
2024-04-05 22:00:40 - Build graph for k = 59 
2024-04-05 22:00:41 - Assemble contigs from SdBG for k = 59
2024-04-05 22:00:41 - Local assembly for k = 59
2024-04-05 22:00:41 - Extract iterative edges from k = 59 to 79 
2024-04-05 22:00:41 - Build graph for k = 79 
2024-04-05 22:00:41 - Assemble contigs from SdBG for k = 79
2024-04-05 22:00:42 - Local assembly for k = 79
2024-04-05 22:00:42 - Extract iterative edges from k = 79 to 99 
2024-04-05 22:00:42 - Build graph for k = 99 
2024-04-05 22:00:42 - Assemble contigs from SdBG for k = 99
2024-04-05 22:00:42 - Local assembly for k = 99
2024-04-05 22:00:42 - Extract iterative edges from k = 99 to 119 
2024-04-05 22:00:42 - Merging to output final contigs 
2024-04-05 22:00:43 - 20 contigs, total 10300 bp, min 204 bp, max 1634 bp, avg 515 bp, N50 538 bp
2024-04-05 22:00:43 - ALL DONE. Time elapsed: 12.797299 seconds 
