--2024-04-05 21:56:44--  https://bitbucket.org/plyusnin/lazypipe/raw/bea08338ad9579390e3b5641af914b4283f61270/data/samples/M15small_R1.fastq
Resolving bitbucket.org (bitbucket.org)... 104.192.141.1, 2406:da00:ff00::22c5:2ef4, 2406:da00:ff00::22cd:e0db, ...
Connecting to bitbucket.org (bitbucket.org)|104.192.141.1|:443... connected.
HTTP request sent, awaiting response... 200 OK
Length: 2694561 (2.6M) [text/plain]
Saving to: ‘raw_reads//M15small_R1.fastq’

     0K .......... .......... .......... .......... ..........  1% 3.19M 1s
    50K .......... .......... .......... .......... ..........  3%  776K 2s
   100K .......... .......... .......... .......... ..........  5% 2.63M 2s
   150K .......... .......... .......... .......... ..........  7% 2.85M 1s
   200K .......... .......... .......... .......... ..........  9% 3.30M 1s
   250K .......... .......... .......... .......... .......... 11% 1.56M 1s
   300K .......... .......... .......... .......... .......... 13% 2.80M 1s
   350K .......... .......... .......... .......... .......... 15% 3.99M 1s
   400K .......... .......... .......... .......... .......... 17% 3.13M 1s
   450K .......... .......... .......... .......... .......... 19% 3.71M 1s
   500K .......... .......... .......... .......... .......... 20% 3.96M 1s
   550K .......... .......... .......... .......... .......... 22% 4.17M 1s
   600K .......... .......... .......... .......... .......... 24% 3.91M 1s
   650K .......... .......... .......... .......... .......... 26% 3.72M 1s
   700K .......... .......... .......... .......... .......... 28% 3.49M 1s
   750K .......... .......... .......... .......... .......... 30% 4.28M 1s
   800K .......... .......... .......... .......... .......... 32% 3.74M 1s
   850K .......... .......... .......... .......... .......... 34% 3.51M 1s
   900K .......... .......... .......... .......... .......... 36% 3.34M 1s
   950K .......... .......... .......... .......... .......... 38% 3.90M 1s
  1000K .......... .......... .......... .......... .......... 39% 3.75M 1s
  1050K .......... .......... .......... .......... .......... 41% 3.72M 1s
  1100K .......... .......... .......... .......... .......... 43% 3.30M 1s
  1150K .......... .......... .......... .......... .......... 45% 3.90M 0s
  1200K .......... .......... .......... .......... .......... 47% 3.91M 0s
  1250K .......... .......... .......... .......... .......... 49% 3.47M 0s
  1300K .......... .......... .......... .......... .......... 51% 3.36M 0s
  1350K .......... .......... .......... .......... .......... 53% 3.70M 0s
  1400K .......... .......... .......... .......... .......... 55% 4.05M 0s
  1450K .......... .......... .......... .......... .......... 57% 3.76M 0s
  1500K .......... .......... .......... .......... .......... 58% 3.20M 0s
  1550K .......... .......... .......... .......... .......... 60% 4.41M 0s
  1600K .......... .......... .......... .......... .......... 62% 4.09M 0s
  1650K .......... .......... .......... .......... .......... 64% 4.36M 0s
  1700K .......... .......... .......... .......... .......... 66% 3.66M 0s
  1750K .......... .......... .......... .......... .......... 68% 4.55M 0s
  1800K .......... .......... .......... .......... .......... 70% 4.74M 0s
  1850K .......... .......... .......... .......... .......... 72% 4.79M 0s
  1900K .......... .......... .......... .......... .......... 74% 3.96M 0s
  1950K .......... .......... .......... .......... .......... 76% 4.50M 0s
  2000K .......... .......... .......... .......... .......... 77% 4.83M 0s
  2050K .......... .......... .......... .......... .......... 79% 4.87M 0s
  2100K .......... .......... .......... .......... .......... 81% 5.03M 0s
  2150K .......... .......... .......... .......... .......... 83% 4.17M 0s
  2200K .......... .......... .......... .......... .......... 85% 5.08M 0s
  2250K .......... .......... .......... .......... .......... 87% 4.63M 0s
  2300K .......... .......... .......... .......... .......... 89% 4.59M 0s
  2350K .......... .......... .......... .......... .......... 91% 4.38M 0s
  2400K .......... .......... .......... .......... .......... 93% 4.85M 0s
  2450K .......... .......... .......... .......... .......... 95% 4.76M 0s
  2500K .......... .......... .......... .......... .......... 96% 5.11M 0s
  2550K .......... .......... .......... .......... .......... 98% 3.86M 0s
  2600K .......... .......... .......... .                    100% 4.46M=0.7s

2024-04-05 21:56:45 (3.51 MB/s) - ‘raw_reads//M15small_R1.fastq’ saved [2694561/2694561]

--2024-04-05 21:56:45--  https://bitbucket.org/plyusnin/lazypipe/raw/bea08338ad9579390e3b5641af914b4283f61270/data/samples/M15small_R2.fastq
Resolving bitbucket.org (bitbucket.org)... 104.192.141.1, 2406:da00:ff00::22c5:2ef4, 2406:da00:ff00::22cd:e0db, ...
Connecting to bitbucket.org (bitbucket.org)|104.192.141.1|:443... connected.
HTTP request sent, awaiting response... 200 OK
Length: 2693363 (2.6M) [text/plain]
Saving to: ‘raw_reads//M15small_R2.fastq’

     0K .......... .......... .......... .......... ..........  1% 3.70M 1s
    50K .......... .......... .......... .......... ..........  3%  670K 2s
   100K .......... .......... .......... .......... ..........  5% 2.77M 2s
   150K .......... .......... .......... .......... ..........  7% 1.74M 2s
   200K .......... .......... .......... .......... ..........  9% 2.12M 1s
   250K .......... .......... .......... .......... .......... 11% 3.08M 1s
   300K .......... .......... .......... .......... .......... 13% 2.12M 1s
   350K .......... .......... .......... .......... .......... 15% 3.86M 1s
   400K .......... .......... .......... .......... .......... 17% 3.65M 1s
   450K .......... .......... .......... .......... .......... 19% 3.35M 1s
   500K .......... .......... .......... .......... .......... 20% 3.71M 1s
   550K .......... .......... .......... .......... .......... 22% 3.45M 1s
   600K .......... .......... .......... .......... .......... 24% 3.74M 1s
   650K .......... .......... .......... .......... .......... 26% 2.79M 1s
   700K .......... .......... .......... .......... .......... 28% 3.52M 1s
   750K .......... .......... .......... .......... .......... 30% 3.24M 1s
   800K .......... .......... .......... .......... .......... 32% 3.47M 1s
   850K .......... .......... .......... .......... .......... 34% 2.84M 1s
   900K .......... .......... .......... .......... .......... 36% 3.55M 1s
   950K .......... .......... .......... .......... .......... 38% 3.80M 1s
  1000K .......... .......... .......... .......... .......... 39% 3.44M 1s
  1050K .......... .......... .......... .......... .......... 41% 2.58M 1s
  1100K .......... .......... .......... .......... .......... 43% 3.80M 1s
  1150K .......... .......... .......... .......... .......... 45% 3.85M 1s
  1200K .......... .......... .......... .......... .......... 47% 3.84M 0s
  1250K .......... .......... .......... .......... .......... 49% 3.54M 0s
  1300K .......... .......... .......... .......... .......... 51% 4.36M 0s
  1350K .......... .......... .......... .......... .......... 53% 4.64M 0s
  1400K .......... .......... .......... .......... .......... 55% 4.54M 0s
  1450K .......... .......... .......... .......... .......... 57% 4.20M 0s
  1500K .......... .......... .......... .......... .......... 58% 3.76M 0s
  1550K .......... .......... .......... .......... .......... 60% 4.52M 0s
  1600K .......... .......... .......... .......... .......... 62% 4.54M 0s
  1650K .......... .......... .......... .......... .......... 64% 4.35M 0s
  1700K .......... .......... .......... .......... .......... 66% 3.87M 0s
  1750K .......... .......... .......... .......... .......... 68% 4.39M 0s
  1800K .......... .......... .......... .......... .......... 70% 4.56M 0s
  1850K .......... .......... .......... .......... .......... 72% 4.51M 0s
  1900K .......... .......... .......... .......... .......... 74% 3.64M 0s
  1950K .......... .......... .......... .......... .......... 76% 4.03M 0s
  2000K .......... .......... .......... .......... .......... 77% 4.40M 0s
  2050K .......... .......... .......... .......... .......... 79% 4.27M 0s
  2100K .......... .......... .......... .......... .......... 81% 4.01M 0s
  2150K .......... .......... .......... .......... .......... 83% 4.49M 0s
  2200K .......... .......... .......... .......... .......... 85% 4.63M 0s
  2250K .......... .......... .......... .......... .......... 87% 4.19M 0s
  2300K .......... .......... .......... .......... .......... 89% 3.79M 0s
  2350K .......... .......... .......... .......... .......... 91% 4.47M 0s
  2400K .......... .......... .......... .......... .......... 93% 4.43M 0s
  2450K .......... .......... .......... .......... .......... 95% 4.45M 0s
  2500K .......... .......... .......... .......... .......... 96% 3.89M 0s
  2550K .......... .......... .......... .......... .......... 98% 4.52M 0s
  2600K .......... .......... ..........                      100% 3.82M=0.8s

2024-04-05 21:56:47 (3.33 MB/s) - ‘raw_reads//M15small_R2.fastq’ saved [2693363/2693363]

